Compiling the C compiler identification source file "CMakeCCompilerId.c" failed.
Compiler: /Library/Developer/CommandLineTools/usr/bin/cc 
Build flags: 
Id flags:  

The output was:
1
ld: library not found for -lSystem
clang: error: linker command failed with exit code 1 (use -v to see invocation)


Compiling the CXX compiler identification source file "CMakeCXXCompilerId.cpp" failed.
Compiler: /Library/Developer/CommandLineTools/usr/bin/c++ 
Build flags: 
Id flags:  

The output was:
1
ld: library not found for -lc++
clang: error: linker command failed with exit code 1 (use -v to see invocation)


Determining if the function IceConnectionNumber exists in the ICE failed with the following output:
Change Dir: /Users/austinmcdonald/projects/UTAH/Q_PIX_GEANT4/Build/CMakeFiles/CMakeTmp

Run Build Command(s):/usr/bin/make cmTC_6c493/fast && /Library/Developer/CommandLineTools/usr/bin/make  -f CMakeFiles/cmTC_6c493.dir/build.make CMakeFiles/cmTC_6c493.dir/build
Building C object CMakeFiles/cmTC_6c493.dir/CheckFunctionExists.c.o
/Library/Developer/CommandLineTools/usr/bin/cc   -DCHECK_FUNCTION_EXISTS=IceConnectionNumber -isysroot /Library/Developer/CommandLineTools/SDKs/MacOSX11.3.sdk -o CMakeFiles/cmTC_6c493.dir/CheckFunctionExists.c.o -c /usr/local/Cellar/cmake/3.19.7/share/cmake/Modules/CheckFunctionExists.c
Linking C executable cmTC_6c493
/usr/local/Cellar/cmake/3.19.7/bin/cmake -E cmake_link_script CMakeFiles/cmTC_6c493.dir/link.txt --verbose=1
/Library/Developer/CommandLineTools/usr/bin/cc  -DCHECK_FUNCTION_EXISTS=IceConnectionNumber -isysroot /Library/Developer/CommandLineTools/SDKs/MacOSX11.3.sdk -Wl,-search_paths_first -Wl,-headerpad_max_install_names CMakeFiles/cmTC_6c493.dir/CheckFunctionExists.c.o -o cmTC_6c493   -L/usr/local/lib  -Wl,-rpath,/usr/local/lib -lICE 
ld: library not found for -lICE
clang: error: linker command failed with exit code 1 (use -v to see invocation)
make[1]: *** [cmTC_6c493] Error 1
make: *** [cmTC_6c493/fast] Error 2



